{"uid":"67b7955f5e8716e9","name":"test_should_be_captcha","fullName":"test_login#test_should_be_captcha","historyId":"f628296c76ebc781aadaa986f143187f","time":{"start":1673014572934,"stop":1673014592571,"duration":19637},"status":"broken","statusMessage":"selenium.common.exceptions.NoSuchElementException: Message: no such element: Unable to locate element: {\"method\":\"css selector\",\"selector\":\"[id=\"t-btn-tab-mail\"]\"}\n  (Session info: headless chrome=108.0.5359.98)\nStacktrace:\n#0 0x55d7654d42a3 <unknown>\n#1 0x55d765292f77 <unknown>\n#2 0x55d7652cf80c <unknown>\n#3 0x55d7652cfa71 <unknown>\n#4 0x55d765309734 <unknown>\n#5 0x55d7652efb5d <unknown>\n#6 0x55d76530747c <unknown>\n#7 0x55d7652ef903 <unknown>\n#8 0x55d7652c2ece <unknown>\n#9 0x55d7652c3fde <unknown>\n#10 0x55d76552463e <unknown>\n#11 0x55d765527b79 <unknown>\n#12 0x55d76550a89e <unknown>\n#13 0x55d765528a83 <unknown>\n#14 0x55d7654fd505 <unknown>\n#15 0x55d765549ca8 <unknown>\n#16 0x55d765549e36 <unknown>\n#17 0x55d765565333 <unknown>\n#18 0x7f036f0ab609 start_thread","statusTrace":"browser = <selenium.webdriver.chrome.webdriver.WebDriver (session=\"7fd6ade9c853d1e00135de0c741ae28a\")>\n\n    @allure.story(\"TC_005.03 | Система выводит капчу при вводе не валидного пароля 3 раза.\")\n    def test_should_be_captcha(browser):\n        # создает экземпляр страницы авторизации\n        page = LoginPage(browser, link)\n        # авторизация пользователя с невалидным паролем\n        page.autorized_user_with_invalid_password()\n>       page.autorized_user_with_invalid_password()\n\ntest_login.py:44: \n_ _ _ _ _ _ _ _ _ _ _ _ _ _ _ _ _ _ _ _ _ _ _ _ _ _ _ _ _ _ _ _ _ _ _ _ _ _ _ _ \npages/login_page.py:134: in autorized_user_with_invalid_password\n    self.browser.find_element(*LoginPageLocators.BTN_MAIL).click()\n/opt/hostedtoolcache/Python/3.10.9/x64/lib/python3.10/site-packages/selenium/webdriver/remote/webdriver.py:861: in find_element\n    return self.execute(Command.FIND_ELEMENT, {\"using\": by, \"value\": value})[\"value\"]\n/opt/hostedtoolcache/Python/3.10.9/x64/lib/python3.10/site-packages/selenium/webdriver/remote/webdriver.py:444: in execute\n    self.error_handler.check_response(response)\n_ _ _ _ _ _ _ _ _ _ _ _ _ _ _ _ _ _ _ _ _ _ _ _ _ _ _ _ _ _ _ _ _ _ _ _ _ _ _ _ \n\nself = <selenium.webdriver.remote.errorhandler.ErrorHandler object at 0x7f296a0c9930>\nresponse = {'status': 404, 'value': '{\"value\":{\"error\":\"no such element\",\"message\":\"no such element: Unable to locate element: {\\...wn>\\\\n#16 0x55d765549e36 \\\\u003Cunknown>\\\\n#17 0x55d765565333 \\\\u003Cunknown>\\\\n#18 0x7f036f0ab609 start_thread\\\\n\"}}'}\n\n    def check_response(self, response: Dict[str, Any]) -> None:\n        \"\"\"\n        Checks that a JSON response from the WebDriver does not have an error.\n    \n        :Args:\n         - response - The JSON response from the WebDriver server as a dictionary\n           object.\n    \n        :Raises: If the response contains an error message.\n        \"\"\"\n        status = response.get(\"status\", None)\n        if not status or status == ErrorCode.SUCCESS:\n            return\n        value = None\n        message = response.get(\"message\", \"\")\n        screen: str = response.get(\"screen\", \"\")\n        stacktrace = None\n        if isinstance(status, int):\n            value_json = response.get(\"value\", None)\n            if value_json and isinstance(value_json, str):\n                import json\n    \n                try:\n                    value = json.loads(value_json)\n                    if len(value.keys()) == 1:\n                        value = value[\"value\"]\n                    status = value.get(\"error\", None)\n                    if not status:\n                        status = value.get(\"status\", ErrorCode.UNKNOWN_ERROR)\n                        message = value.get(\"value\") or value.get(\"message\")\n                        if not isinstance(message, str):\n                            value = message\n                            message = message.get(\"message\")\n                    else:\n                        message = value.get(\"message\", None)\n                except ValueError:\n                    pass\n    \n        exception_class: Type[WebDriverException]\n        if status in ErrorCode.NO_SUCH_ELEMENT:\n            exception_class = NoSuchElementException\n        elif status in ErrorCode.NO_SUCH_FRAME:\n            exception_class = NoSuchFrameException\n        elif status in ErrorCode.NO_SUCH_SHADOW_ROOT:\n            exception_class = NoSuchShadowRootException\n        elif status in ErrorCode.NO_SUCH_WINDOW:\n            exception_class = NoSuchWindowException\n        elif status in ErrorCode.STALE_ELEMENT_REFERENCE:\n            exception_class = StaleElementReferenceException\n        elif status in ErrorCode.ELEMENT_NOT_VISIBLE:\n            exception_class = ElementNotVisibleException\n        elif status in ErrorCode.INVALID_ELEMENT_STATE:\n            exception_class = InvalidElementStateException\n        elif (\n            status in ErrorCode.INVALID_SELECTOR\n            or status in ErrorCode.INVALID_XPATH_SELECTOR\n            or status in ErrorCode.INVALID_XPATH_SELECTOR_RETURN_TYPER\n        ):\n            exception_class = InvalidSelectorException\n        elif status in ErrorCode.ELEMENT_IS_NOT_SELECTABLE:\n            exception_class = ElementNotSelectableException\n        elif status in ErrorCode.ELEMENT_NOT_INTERACTABLE:\n            exception_class = ElementNotInteractableException\n        elif status in ErrorCode.INVALID_COOKIE_DOMAIN:\n            exception_class = InvalidCookieDomainException\n        elif status in ErrorCode.UNABLE_TO_SET_COOKIE:\n            exception_class = UnableToSetCookieException\n        elif status in ErrorCode.TIMEOUT:\n            exception_class = TimeoutException\n        elif status in ErrorCode.SCRIPT_TIMEOUT:\n            exception_class = TimeoutException\n        elif status in ErrorCode.UNKNOWN_ERROR:\n            exception_class = WebDriverException\n        elif status in ErrorCode.UNEXPECTED_ALERT_OPEN:\n            exception_class = UnexpectedAlertPresentException\n        elif status in ErrorCode.NO_ALERT_OPEN:\n            exception_class = NoAlertPresentException\n        elif status in ErrorCode.IME_NOT_AVAILABLE:\n            exception_class = ImeNotAvailableException\n        elif status in ErrorCode.IME_ENGINE_ACTIVATION_FAILED:\n            exception_class = ImeActivationFailedException\n        elif status in ErrorCode.MOVE_TARGET_OUT_OF_BOUNDS:\n            exception_class = MoveTargetOutOfBoundsException\n        elif status in ErrorCode.JAVASCRIPT_ERROR:\n            exception_class = JavascriptException\n        elif status in ErrorCode.SESSION_NOT_CREATED:\n            exception_class = SessionNotCreatedException\n        elif status in ErrorCode.INVALID_ARGUMENT:\n            exception_class = InvalidArgumentException\n        elif status in ErrorCode.NO_SUCH_COOKIE:\n            exception_class = NoSuchCookieException\n        elif status in ErrorCode.UNABLE_TO_CAPTURE_SCREEN:\n            exception_class = ScreenshotException\n        elif status in ErrorCode.ELEMENT_CLICK_INTERCEPTED:\n            exception_class = ElementClickInterceptedException\n        elif status in ErrorCode.INSECURE_CERTIFICATE:\n            exception_class = InsecureCertificateException\n        elif status in ErrorCode.INVALID_COORDINATES:\n            exception_class = InvalidCoordinatesException\n        elif status in ErrorCode.INVALID_SESSION_ID:\n            exception_class = InvalidSessionIdException\n        elif status in ErrorCode.UNKNOWN_METHOD:\n            exception_class = UnknownMethodException\n        else:\n            exception_class = WebDriverException\n        if not value:\n            value = response[\"value\"]\n        if isinstance(value, str):\n            raise exception_class(value)\n        if message == \"\" and \"message\" in value:\n            message = value[\"message\"]\n    \n        screen = None  # type: ignore[assignment]\n        if \"screen\" in value:\n            screen = value[\"screen\"]\n    \n        stacktrace = None\n        st_value = value.get(\"stackTrace\") or value.get(\"stacktrace\")\n        if st_value:\n            if isinstance(st_value, str):\n                stacktrace = st_value.split(\"\\n\")\n            else:\n                stacktrace = []\n                try:\n                    for frame in st_value:\n                        line = frame.get(\"lineNumber\", \"\")\n                        file = frame.get(\"fileName\", \"<anonymous>\")\n                        if line:\n                            file = f\"{file}:{line}\"\n                        meth = frame.get(\"methodName\", \"<anonymous>\")\n                        if \"className\" in frame:\n                            meth = \"{}.{}\".format(frame[\"className\"], meth)\n                        msg = \"    at %s (%s)\"\n                        msg = msg % (meth, file)\n                        stacktrace.append(msg)\n                except TypeError:\n                    pass\n        if exception_class == UnexpectedAlertPresentException:\n            alert_text = None\n            if \"data\" in value:\n                alert_text = value[\"data\"].get(\"text\")\n            elif \"alert\" in value:\n                alert_text = value[\"alert\"].get(\"text\")\n            raise exception_class(message, screen, stacktrace, alert_text)  # type: ignore[call-arg]  # mypy is not smart enough here\n>       raise exception_class(message, screen, stacktrace)\nE       selenium.common.exceptions.NoSuchElementException: Message: no such element: Unable to locate element: {\"method\":\"css selector\",\"selector\":\"[id=\"t-btn-tab-mail\"]\"}\nE         (Session info: headless chrome=108.0.5359.98)\nE       Stacktrace:\nE       #0 0x55d7654d42a3 <unknown>\nE       #1 0x55d765292f77 <unknown>\nE       #2 0x55d7652cf80c <unknown>\nE       #3 0x55d7652cfa71 <unknown>\nE       #4 0x55d765309734 <unknown>\nE       #5 0x55d7652efb5d <unknown>\nE       #6 0x55d76530747c <unknown>\nE       #7 0x55d7652ef903 <unknown>\nE       #8 0x55d7652c2ece <unknown>\nE       #9 0x55d7652c3fde <unknown>\nE       #10 0x55d76552463e <unknown>\nE       #11 0x55d765527b79 <unknown>\nE       #12 0x55d76550a89e <unknown>\nE       #13 0x55d765528a83 <unknown>\nE       #14 0x55d7654fd505 <unknown>\nE       #15 0x55d765549ca8 <unknown>\nE       #16 0x55d765549e36 <unknown>\nE       #17 0x55d765565333 <unknown>\nE       #18 0x7f036f0ab609 start_thread\n\n/opt/hostedtoolcache/Python/3.10.9/x64/lib/python3.10/site-packages/selenium/webdriver/remote/errorhandler.py:249: NoSuchElementException","flaky":false,"newFailed":false,"newBroken":false,"newPassed":false,"retriesCount":0,"retriesStatusChange":false,"beforeStages":[{"name":"browser","time":{"start":1673014570497,"stop":1673014572933,"duration":2436},"status":"passed","steps":[],"attachments":[],"parameters":[],"stepsCount":0,"attachmentsCount":0,"shouldDisplayMessage":false,"hasContent":false}],"afterStages":[{"name":"browser::0","time":{"start":1673014592614,"stop":1673014592675,"duration":61},"status":"passed","steps":[],"attachments":[],"parameters":[],"stepsCount":0,"attachmentsCount":0,"shouldDisplayMessage":false,"hasContent":false}],"labels":[{"name":"story","value":"TC_005.03 | Система выводит капчу при вводе не валидного пароля 3 раза."},{"name":"suite","value":"test_login"},{"name":"host","value":"fv-az502-119"},{"name":"thread","value":"2567-MainThread"},{"name":"framework","value":"pytest"},{"name":"language","value":"cpython3"},{"name":"package","value":"test_login"},{"name":"resultFormat","value":"allure2"}],"parameters":[],"links":[],"hidden":false,"retry":false,"extra":{"severity":"normal","retries":[],"categories":[{"name":"Test defects","matchedStatuses":[],"flaky":false}],"history":{"statistic":{"failed":0,"broken":2,"skipped":0,"passed":0,"unknown":0,"total":2},"items":[{"uid":"b7d163c013ede9c2","reportUrl":"https://ivanovajulika.github.io/RT_Project/6//#testresult/b7d163c013ede9c2","status":"broken","statusDetails":"selenium.common.exceptions.NoSuchElementException: Message: no such element: Unable to locate element: {\"method\":\"css selector\",\"selector\":\"[id=\"t-btn-tab-mail\"]\"}\n  (Session info: headless chrome=108.0.5359.98)\nStacktrace:\n#0 0x560b392142a3 <unknown>\n#1 0x560b38fd2f77 <unknown>\n#2 0x560b3900f80c <unknown>\n#3 0x560b3900fa71 <unknown>\n#4 0x560b39049734 <unknown>\n#5 0x560b3902fb5d <unknown>\n#6 0x560b3904747c <unknown>\n#7 0x560b3902f903 <unknown>\n#8 0x560b39002ece <unknown>\n#9 0x560b39003fde <unknown>\n#10 0x560b3926463e <unknown>\n#11 0x560b39267b79 <unknown>\n#12 0x560b3924a89e <unknown>\n#13 0x560b39268a83 <unknown>\n#14 0x560b3923d505 <unknown>\n#15 0x560b39289ca8 <unknown>\n#16 0x560b39289e36 <unknown>\n#17 0x560b392a5333 <unknown>\n#18 0x7fa38124d609 start_thread","time":{"start":1673012020373,"stop":1673012037900,"duration":17527}}]},"tags":[]},"source":"67b7955f5e8716e9.json","parameterValues":[]}